<?xml version="1.0" encoding="UTF-8"?>
<!-- Generated by org.testng.reporters.JUnitReportReporter -->
<testsuite hostname="Narsimha" failures="0" tests="1" name="runner.RunnerClass" time="0.128" errors="0" timestamp="2022-09-18T11:41:10 IST" skipped="0">
  <testcase classname="runner.RunnerClass" name="runScenario" time="0.128"/>
  <system-out/>
</testsuite> <!-- runner.RunnerClass -->
